c:\users\0cartb21\desktop\repos\sparky\debug\vc120.pdb
c:\users\0cartb21\desktop\repos\sparky\debug\vc120.idb
c:\users\0cartb21\desktop\repos\sparky\debug\buffers.obj
c:\users\0cartb21\desktop\repos\sparky\debug\gbuffer.obj
c:\users\0cartb21\desktop\repos\sparky\debug\glslobject.obj
c:\users\0cartb21\desktop\repos\sparky\debug\imesh.obj
c:\users\0cartb21\desktop\repos\sparky\debug\irender.obj
c:\users\0cartb21\desktop\repos\sparky\debug\ishader.obj
c:\users\0cartb21\desktop\repos\sparky\debug\meshdata.obj
c:\users\0cartb21\desktop\repos\sparky\debug\meshrenderer.obj
c:\users\0cartb21\desktop\repos\sparky\debug\model.obj
c:\users\0cartb21\desktop\repos\sparky\debug\pointshader.obj
c:\users\0cartb21\desktop\repos\sparky\debug\program.obj
c:\users\0cartb21\desktop\repos\sparky\debug\texture.obj
c:\users\0cartb21\desktop\repos\sparky\debug\uniform.obj
c:\users\0cartb21\desktop\repos\sparky\debug\vertex.obj
c:\users\0cartb21\desktop\repos\sparky\debug\config.obj
c:\users\0cartb21\desktop\repos\sparky\debug\directory.obj
c:\users\0cartb21\desktop\repos\sparky\debug\gldevice.obj
c:\users\0cartb21\desktop\repos\sparky\debug\string.obj
c:\users\0cartb21\desktop\repos\sparky\debug\threadmanager.obj
c:\users\0cartb21\desktop\repos\sparky\debug\threadpool.obj
c:\users\0cartb21\desktop\repos\sparky\debug\resourcemanager.obj
c:\users\0cartb21\desktop\repos\sparky\debug\scene.obj
c:\users\0cartb21\desktop\repos\sparky\debug\time.obj
c:\users\0cartb21\desktop\repos\sparky\debug\window.obj
c:\users\0cartb21\desktop\repos\sparky\debug\noiseutils.obj
c:\users\0cartb21\desktop\repos\sparky\debug\chunk.obj
c:\users\0cartb21\desktop\repos\sparky\debug\voxel.obj
c:\users\0cartb21\desktop\repos\sparky\debug\world.obj
c:\users\0cartb21\desktop\repos\sparky\debug\eventmanager.obj
c:\users\0cartb21\desktop\repos\sparky\debug\ievent.obj
c:\users\0cartb21\desktop\repos\sparky\debug\input.obj
c:\users\0cartb21\desktop\repos\sparky\debug\mouse.obj
c:\users\0cartb21\desktop\repos\sparky\debug\directionallight.obj
c:\users\0cartb21\desktop\repos\sparky\debug\light.obj
c:\users\0cartb21\desktop\repos\sparky\debug\pointlight.obj
c:\users\0cartb21\desktop\repos\sparky\debug\frustum.obj
c:\users\0cartb21\desktop\repos\sparky\debug\transform.obj
c:\users\0cartb21\desktop\repos\sparky\debug\ambientshader.obj
c:\users\0cartb21\desktop\repos\sparky\debug\deferredshader.obj
c:\users\0cartb21\desktop\repos\sparky\debug\directionalshader.obj
c:\users\0cartb21\desktop\repos\sparky\debug\game.obj
c:\users\0cartb21\desktop\repos\sparky\debug\main.obj
c:\users\0cartb21\desktop\repos\sparky\debug\camera.obj
c:\users\0cartb21\desktop\repos\sparky\debug\gamemanager.obj
c:\users\0cartb21\desktop\repos\sparky\debug\gameobject.obj
c:\users\0cartb21\desktop\repos\sparky\debug\ref.obj
c:\users\0cartb21\desktop\repos\sparky\debug\pool.obj
c:\users\0cartb21\desktop\repos\sparky\debug\sparky.ilk
c:\users\0cartb21\desktop\repos\sparky\debug\sparky.exe
c:\users\0cartb21\desktop\repos\sparky\debug\sparky.pdb
c:\users\0cartb21\desktop\repos\sparky\debug\sparky.tlog\cl.command.1.tlog
c:\users\0cartb21\desktop\repos\sparky\debug\sparky.tlog\cl.read.1.tlog
c:\users\0cartb21\desktop\repos\sparky\debug\sparky.tlog\cl.write.1.tlog
c:\users\0cartb21\desktop\repos\sparky\debug\sparky.tlog\link.command.1.tlog
c:\users\0cartb21\desktop\repos\sparky\debug\sparky.tlog\link.read.1.tlog
c:\users\0cartb21\desktop\repos\sparky\debug\sparky.tlog\link.write.1.tlog
