Build started 10/05/2016 20:12:12.
     1>Project "C:\Users\0cartb21\Desktop\sparky\sparky.vcxproj" on node 2 (Build target(s)).
     1>ClCompile:
         C:\Program Files (x86)\Microsoft Visual Studio 12.0\VC\bin\CL.exe /c /I.\dependencies\include /I.\include /ZI /nologo /W3 /WX- /Od /Oy- /D WIN32 /D _DEBUG /D _CONSOLE /D _LIB /D _UNICODE /D UNICODE /Gm /EHsc /RTC1 /MDd /GS /fp:precise /Zc:wchar_t /Zc:forScope /Fo"Debug\\" /Fd"Debug\vc120.pdb" /Gd /TP /analyze- /errorReport:prompt game.cpp
         game.cpp
     1>c:\users\0cartb21\desktop\sparky\include\sparky\ext\noiseutils.h(1217): warning C4244: 'initializing' : conversion from 'const double' to 'float', possible loss of data
       Link:
         C:\Program Files (x86)\Microsoft Visual Studio 12.0\VC\bin\link.exe /ERRORREPORT:PROMPT /OUT:"C:\Users\0cartb21\Desktop\sparky\Debug\sparky.exe" /INCREMENTAL /NOLOGO /LIBPATH:.\dependencies\lib opengl32.lib GLEW\glew32.lib SDL\SDL2.lib SDL\SDL2main.lib SDL\SDL2test.lib SDL_image\SDL2_image.lib assimp\assimpd.lib libnoise\libnoise.lib /MANIFEST /MANIFESTUAC:"level='asInvoker' uiAccess='false'" /manifest:embed /DEBUG /PDB:"C:\Users\0cartb21\Desktop\sparky\Debug\sparky.pdb" /SUBSYSTEM:CONSOLE /TLBID:1 /DYNAMICBASE /NXCOMPAT /IMPLIB:"C:\Users\0cartb21\Desktop\sparky\Debug\sparky.lib" /MACHINE:X86 /SAFESEH:NO Debug\game.obj
         Debug\main.obj
         Debug\camera.obj
         Debug\gamemanager.obj
         Debug\ref.obj
         Debug\pool.obj
         Debug\resourcemanager.obj
         Debug\scene.obj
         Debug\time.obj
         Debug\window.obj
         Debug\noiseutils.obj
         Debug\chunk.obj
         Debug\voxel.obj
         Debug\world.obj
         Debug\eventmanager.obj
         Debug\ievent.obj
         Debug\input.obj
         Debug\mouse.obj
         Debug\directionallight.obj
         Debug\light.obj
         Debug\pointlight.obj
         Debug\frustum.obj
         Debug\transform.obj
         Debug\ambientshader.obj
         Debug\deferredshader.obj
         Debug\directionalshader.obj
         Debug\buffers.obj
         Debug\gbuffer.obj
         Debug\GLSLobject.obj
         Debug\imesh.obj
         Debug\ishader.obj
         Debug\meshdata.obj
         Debug\model.obj
         Debug\pointshader.obj
         Debug\program.obj
         Debug\texture.obj
         Debug\uniform.obj
         Debug\vertex.obj
         Debug\config.obj
         Debug\directory.obj
         Debug\gldevice.obj
         Debug\string.obj
         Debug\threadmanager.obj
         Debug\threadpool.obj
         sparky.vcxproj -> C:\Users\0cartb21\Desktop\sparky\Debug\sparky.exe
     1>Done Building Project "C:\Users\0cartb21\Desktop\sparky\sparky.vcxproj" (Build target(s)).

Build succeeded.

Time Elapsed 00:00:01.49
