Build started 13/05/2016 11:16:50.
     1>Project "C:\Users\0cartb21\Desktop\repos\sparky\sparky.vcxproj" on node 2 (Build target(s)).
     1>ClCompile:
         C:\Program Files (x86)\Microsoft Visual Studio 12.0\VC\bin\CL.exe /c /I.\dependencies\include /I.\include /Zi /nologo /W3 /WX- /O2 /Oi /Oy- /GL /D WIN32 /D NDEBUG /D _CONSOLE /D _LIB /D _UNICODE /D UNICODE /Gm- /EHsc /MD /GS /Gy /fp:precise /Zc:wchar_t /Zc:forScope /Fo"Release\\" /Fd"Release\vc120.pdb" /Gd /TP /analyze- /errorReport:prompt game.cpp main.cpp src\core\camera.cpp src\core\gamemanager.cpp src\core\gameobject.cpp src\core\ref.cpp src\core\pool.cpp src\core\resourcemanager.cpp src\core\scene.cpp src\core\time.cpp src\core\window.cpp src\ext\noiseutils.cpp src\generation\chunk.cpp src\generation\voxel.cpp src\generation\world.cpp src\input\eventmanager.cpp src\input\ievent.cpp src\input\input.cpp src\input\mouse.cpp src\lighting\directionallight.cpp src\lighting\light.cpp src\lighting\pointlight.cpp src\math\frustum.cpp src\math\transform.cpp src\rendering\ambientshader.cpp src\rendering\deferredshader.cpp src\rendering\directionalshader.cpp src\rendering\buffers.cpp src\rendering\gbuffer.cpp src\rendering\GLSLobject.cpp src\rendering\imesh.cpp src\rendering\irender.cpp src\rendering\ishader.cpp src\rendering\meshdata.cpp src\rendering\meshrenderer.cpp src\rendering\model.cpp src\rendering\pointshader.cpp src\rendering\program.cpp src\rendering\texture.cpp src\rendering\uniform.cpp src\rendering\vertex.cpp src\utils\config.cpp src\utils\directory.cpp src\utils\gldevice.cpp src\utils\string.cpp src\utils\threadmanager.cpp src\utils\threadpool.cpp
         game.cpp
         main.cpp
         camera.cpp
         gamemanager.cpp
         gameobject.cpp
         ref.cpp
         pool.cpp
         resourcemanager.cpp
         scene.cpp
         time.cpp
         window.cpp
         noiseutils.cpp
         chunk.cpp
         voxel.cpp
         world.cpp
         eventmanager.cpp
         ievent.cpp
         input.cpp
         mouse.cpp
         directionallight.cpp
         Compiling...
         light.cpp
         pointlight.cpp
         frustum.cpp
         transform.cpp
         ambientshader.cpp
         deferredshader.cpp
         directionalshader.cpp
         buffers.cpp
         gbuffer.cpp
         GLSLobject.cpp
         imesh.cpp
         irender.cpp
         ishader.cpp
         meshdata.cpp
         meshrenderer.cpp
         model.cpp
         pointshader.cpp
         program.cpp
         texture.cpp
         uniform.cpp
         Compiling...
         vertex.cpp
         config.cpp
         directory.cpp
         gldevice.cpp
         string.cpp
         threadmanager.cpp
         threadpool.cpp
       Link:
         C:\Program Files (x86)\Microsoft Visual Studio 12.0\VC\bin\link.exe /ERRORREPORT:PROMPT /OUT:"C:\Users\0cartb21\Desktop\repos\sparky\Release\sparky.exe" /INCREMENTAL:NO /NOLOGO /LIBPATH:.\dependencies\lib opengl32.lib GLEW\glew32.lib SDL\SDL2.lib SDL\SDL2main.lib SDL\SDL2test.lib SDL_image\SDL2_image.lib assimp\assimpd.lib libnoise\libnoise.lib /MANIFEST /MANIFESTUAC:"level='asInvoker' uiAccess='false'" /manifest:embed /DEBUG /PDB:"C:\Users\0cartb21\Desktop\repos\sparky\Release\sparky.pdb" /SUBSYSTEM:CONSOLE /OPT:REF /OPT:ICF /LTCG /TLBID:1 /DYNAMICBASE /NXCOMPAT /IMPLIB:"C:\Users\0cartb21\Desktop\repos\sparky\Release\sparky.lib" /MACHINE:X86 /SAFESEH:NO Release\game.obj
         Release\main.obj
         Release\camera.obj
         Release\gamemanager.obj
         Release\gameobject.obj
         Release\ref.obj
         Release\pool.obj
         Release\resourcemanager.obj
         Release\scene.obj
         Release\time.obj
         Release\window.obj
         Release\noiseutils.obj
         Release\chunk.obj
         Release\voxel.obj
         Release\world.obj
         Release\eventmanager.obj
         Release\ievent.obj
         Release\input.obj
         Release\mouse.obj
         Release\directionallight.obj
         Release\light.obj
         Release\pointlight.obj
         Release\frustum.obj
         Release\transform.obj
         Release\ambientshader.obj
         Release\deferredshader.obj
         Release\directionalshader.obj
         Release\buffers.obj
         Release\gbuffer.obj
         Release\GLSLobject.obj
         Release\imesh.obj
         Release\irender.obj
         Release\ishader.obj
         Release\meshdata.obj
         Release\meshrenderer.obj
         Release\model.obj
         Release\pointshader.obj
         Release\program.obj
         Release\texture.obj
         Release\uniform.obj
         Release\vertex.obj
         Release\config.obj
         Release\directory.obj
         Release\gldevice.obj
         Release\string.obj
         Release\threadmanager.obj
         Release\threadpool.obj
         Generating code
         Finished generating code
         sparky.vcxproj -> C:\Users\0cartb21\Desktop\repos\sparky\Release\sparky.exe
     1>Done Building Project "C:\Users\0cartb21\Desktop\repos\sparky\sparky.vcxproj" (Build target(s)).

Build succeeded.

Time Elapsed 00:00:16.86
