c:\users\0cartb21\desktop\repos\sparky\release\vc120.pdb
c:\users\0cartb21\desktop\repos\sparky\release\directionallight.obj
c:\users\0cartb21\desktop\repos\sparky\release\mouse.obj
c:\users\0cartb21\desktop\repos\sparky\release\input.obj
c:\users\0cartb21\desktop\repos\sparky\release\ievent.obj
c:\users\0cartb21\desktop\repos\sparky\release\eventmanager.obj
c:\users\0cartb21\desktop\repos\sparky\release\world.obj
c:\users\0cartb21\desktop\repos\sparky\release\voxel.obj
c:\users\0cartb21\desktop\repos\sparky\release\chunk.obj
c:\users\0cartb21\desktop\repos\sparky\release\noiseutils.obj
c:\users\0cartb21\desktop\repos\sparky\release\window.obj
c:\users\0cartb21\desktop\repos\sparky\release\time.obj
c:\users\0cartb21\desktop\repos\sparky\release\scene.obj
c:\users\0cartb21\desktop\repos\sparky\release\resourcemanager.obj
c:\users\0cartb21\desktop\repos\sparky\release\pool.obj
c:\users\0cartb21\desktop\repos\sparky\release\ref.obj
c:\users\0cartb21\desktop\repos\sparky\release\gameobject.obj
c:\users\0cartb21\desktop\repos\sparky\release\gamemanager.obj
c:\users\0cartb21\desktop\repos\sparky\release\camera.obj
c:\users\0cartb21\desktop\repos\sparky\release\main.obj
c:\users\0cartb21\desktop\repos\sparky\release\game.obj
c:\users\0cartb21\desktop\repos\sparky\release\uniform.obj
c:\users\0cartb21\desktop\repos\sparky\release\texture.obj
c:\users\0cartb21\desktop\repos\sparky\release\program.obj
c:\users\0cartb21\desktop\repos\sparky\release\pointshader.obj
c:\users\0cartb21\desktop\repos\sparky\release\model.obj
c:\users\0cartb21\desktop\repos\sparky\release\meshrenderer.obj
c:\users\0cartb21\desktop\repos\sparky\release\meshdata.obj
c:\users\0cartb21\desktop\repos\sparky\release\ishader.obj
c:\users\0cartb21\desktop\repos\sparky\release\irender.obj
c:\users\0cartb21\desktop\repos\sparky\release\imesh.obj
c:\users\0cartb21\desktop\repos\sparky\release\glslobject.obj
c:\users\0cartb21\desktop\repos\sparky\release\gbuffer.obj
c:\users\0cartb21\desktop\repos\sparky\release\buffers.obj
c:\users\0cartb21\desktop\repos\sparky\release\directionalshader.obj
c:\users\0cartb21\desktop\repos\sparky\release\deferredshader.obj
c:\users\0cartb21\desktop\repos\sparky\release\ambientshader.obj
c:\users\0cartb21\desktop\repos\sparky\release\transform.obj
c:\users\0cartb21\desktop\repos\sparky\release\frustum.obj
c:\users\0cartb21\desktop\repos\sparky\release\pointlight.obj
c:\users\0cartb21\desktop\repos\sparky\release\light.obj
c:\users\0cartb21\desktop\repos\sparky\release\threadpool.obj
c:\users\0cartb21\desktop\repos\sparky\release\threadmanager.obj
c:\users\0cartb21\desktop\repos\sparky\release\string.obj
c:\users\0cartb21\desktop\repos\sparky\release\gldevice.obj
c:\users\0cartb21\desktop\repos\sparky\release\directory.obj
c:\users\0cartb21\desktop\repos\sparky\release\config.obj
c:\users\0cartb21\desktop\repos\sparky\release\vertex.obj
c:\users\0cartb21\desktop\repos\sparky\release\sparky.exe
c:\users\0cartb21\desktop\repos\sparky\release\sparky.pdb
c:\users\0cartb21\desktop\repos\sparky\release\sparky.tlog\cl.command.1.tlog
c:\users\0cartb21\desktop\repos\sparky\release\sparky.tlog\cl.read.1.tlog
c:\users\0cartb21\desktop\repos\sparky\release\sparky.tlog\cl.write.1.tlog
c:\users\0cartb21\desktop\repos\sparky\release\sparky.tlog\link.command.1.tlog
c:\users\0cartb21\desktop\repos\sparky\release\sparky.tlog\link.read.1.tlog
c:\users\0cartb21\desktop\repos\sparky\release\sparky.tlog\link.write.1.tlog
